Build started 5/1/2013 12:22:57 PM.
     1>Project "C:\Users\Sean\Documents\GitHub\SFML_Shooter\2D_Top_Down_Shooter\2D_Top_Down_Shooter.vcxproj" on node 2 (build target(s)).
     1>InitializeBuildStatus:
         Touching "Debug\2D_Top_Down_Shooter.unsuccessfulbuild".
       ClCompile:
         C:\Program Files (x86)\Microsoft Visual Studio 10.0\VC\bin\CL.exe /c /I"C:\Users\Sean\Documents\Visual Studio 2010\SFML-2.0_x86\include" /ZI /nologo /W3 /WX- /Od /Oy- /D SFML_STATIC /D _MBCS /Gm /EHsc /RTC1 /MDd /GS /fp:precise /Zc:wchar_t /Zc:forScope /Fo"Debug\\" /Fd"Debug\vc100.pdb" /Gd /TP /analyze- /errorReport:prompt Main.cpp Menu.cpp
         Menu.cpp
     1>c:\users\sean\documents\github\sfml_shooter\2d_top_down_shooter\main.h(47): warning C4482: nonstandard extension used: enum 'Game::GameStates' used in qualified name
     1>c:\users\sean\documents\github\sfml_shooter\2d_top_down_shooter\menu.cpp(80): warning C4482: nonstandard extension used: enum 'Types' used in qualified name
     1>c:\users\sean\documents\github\sfml_shooter\2d_top_down_shooter\menu.cpp(84): warning C4482: nonstandard extension used: enum 'Types' used in qualified name
     1>c:\users\sean\documents\github\sfml_shooter\2d_top_down_shooter\menu.cpp(88): warning C4482: nonstandard extension used: enum 'Types' used in qualified name
     1>c:\users\sean\documents\github\sfml_shooter\2d_top_down_shooter\menu.cpp(99): warning C4244: 'argument' : conversion from 'int' to 'float', possible loss of data
     1>c:\users\sean\documents\github\sfml_shooter\2d_top_down_shooter\menu.cpp(104): warning C4244: 'argument' : conversion from 'int' to 'float', possible loss of data
     1>c:\users\sean\documents\github\sfml_shooter\2d_top_down_shooter\menu.cpp(161): warning C4482: nonstandard extension used: enum 'Types' used in qualified name
     1>c:\users\sean\documents\github\sfml_shooter\2d_top_down_shooter\menu.cpp(162): warning C4482: nonstandard extension used: enum 'Types' used in qualified name
     1>c:\users\sean\documents\github\sfml_shooter\2d_top_down_shooter\menu.cpp(163): warning C4482: nonstandard extension used: enum 'Types' used in qualified name
         Generating Code...
         Compiling...
         Main.cpp
     1>c:\users\sean\documents\github\sfml_shooter\2d_top_down_shooter\main.h(47): warning C4482: nonstandard extension used: enum 'Game::GameStates' used in qualified name
     1>c:\users\sean\documents\github\sfml_shooter\2d_top_down_shooter\main.cpp(17): warning C4482: nonstandard extension used: enum 'Game::GameStates' used in qualified name
     1>c:\users\sean\documents\github\sfml_shooter\2d_top_down_shooter\main.cpp(55): warning C4482: nonstandard extension used: enum 'Game::GameStates' used in qualified name
         Generating Code...
       Link:
         C:\Program Files (x86)\Microsoft Visual Studio 10.0\VC\bin\link.exe /ERRORREPORT:PROMPT /OUT:"C:\Users\Sean\Documents\GitHub\SFML_Shooter\Debug\Game.exe" /NOLOGO /LIBPATH:"C:\Users\Sean\Documents\Visual Studio 2010\SFML-2.0_x86\lib" "sfml-window-s-d.lib" "sfml-system-s-d.lib" "sfml-graphics-s-d.lib" kernel32.lib user32.lib gdi32.lib winspool.lib comdlg32.lib advapi32.lib shell32.lib ole32.lib oleaut32.lib uuid.lib odbc32.lib odbccp32.lib /MANIFEST /ManifestFile:"Debug\Game.exe.intermediate.manifest" /MANIFESTUAC:"level='asInvoker' uiAccess='false'" /DEBUG /PDB:"C:\Users\Sean\Documents\GitHub\SFML_Shooter\Debug\Game.pdb" /TLBID:1 /DYNAMICBASE /NXCOMPAT /IMPLIB:"C:\Users\Sean\Documents\GitHub\SFML_Shooter\Debug\Game.lib" /MACHINE:X86 Debug\Main.obj
         Debug\Menu.obj
         Debug\Tiling.obj
         LINK : C:\Users\Sean\Documents\GitHub\SFML_Shooter\Debug\Game.exe not found or not built by the last incremental link; performing full link
     1>Menu.obj : error LNK2005: "void __cdecl Game::Init(void)" (?Init@Game@@YAXXZ) already defined in Main.obj
     1>Menu.obj : error LNK2005: "class Menu * Game::MainMenu" (?MainMenu@Game@@3PAVMenu@@A) already defined in Main.obj
     1>Menu.obj : error LNK2005: "enum Game::GameStates Game::CurGameState" (?CurGameState@Game@@3W4GameStates@1@A) already defined in Main.obj
     1>Menu.obj : error LNK2005: "class sf::RenderWindow * Game::MainWindow" (?MainWindow@Game@@3PAVRenderWindow@sf@@A) already defined in Main.obj
     1>C:\Users\Sean\Documents\GitHub\SFML_Shooter\Debug\Game.exe : fatal error LNK1169: one or more multiply defined symbols found
     1>Done Building Project "C:\Users\Sean\Documents\GitHub\SFML_Shooter\2D_Top_Down_Shooter\2D_Top_Down_Shooter.vcxproj" (build target(s)) -- FAILED.

Build FAILED.

Time Elapsed 00:00:02.70
